\BOOKMARK [-1][-]{part.1}{I Introduction and overview of the work}{}% 1
\BOOKMARK [0][-]{chapter.1}{Introduction}{part.1}% 2
\BOOKMARK [1][-]{section.1.1}{The structural design process}{chapter.1}% 3
\BOOKMARK [1][-]{section.1.2}{Problem statement}{chapter.1}% 4
\BOOKMARK [2][-]{subsection.1.2.1}{Examples of well-executed conceptual structural design}{section.1.2}% 5
\BOOKMARK [2][-]{subsection.1.2.2}{Computational design tools}{section.1.2}% 6
\BOOKMARK [1][-]{section.1.3}{Research methodology }{chapter.1}% 7
\BOOKMARK [2][-]{subsection.1.3.1}{Aim of research}{section.1.3}% 8
\BOOKMARK [2][-]{subsection.1.3.2}{Research questions}{section.1.3}% 9
\BOOKMARK [2][-]{subsection.1.3.3}{Research approach and limitations}{section.1.3}% 10
\BOOKMARK [0][-]{chapter.2}{Human-computer interaction}{part.1}% 11
\BOOKMARK [1][-]{section.2.1}{Direct manipulation}{chapter.2}% 12
\BOOKMARK [2][-]{subsection.2.1.1}{Visualizations}{section.2.1}% 13
\BOOKMARK [2][-]{subsection.2.1.2}{Technology}{section.2.1}% 14
\BOOKMARK [0][-]{chapter.3}{Computational methods}{part.1}% 15
\BOOKMARK [1][-]{section.3.1}{Form Finding}{chapter.3}% 16
\BOOKMARK [2][-]{subsection.3.1.1}{Dynamic relaxation}{section.3.1}% 17
\BOOKMARK [1][-]{section.3.2}{Optimization methods}{chapter.3}% 18
\BOOKMARK [2][-]{subsection.3.2.1}{Gradient based methods}{section.3.2}% 19
\BOOKMARK [2][-]{subsection.3.2.2}{Evolutionary algorithms}{section.3.2}% 20
\BOOKMARK [2][-]{subsection.3.2.3}{Topology optimization}{section.3.2}% 21
\BOOKMARK [1][-]{section.3.3}{Eigenvalue analysis}{chapter.3}% 22
\BOOKMARK [1][-]{section.3.4}{Graphic statics}{chapter.3}% 23
\BOOKMARK [0][-]{chapter.4}{Literature review}{part.1}% 24
\BOOKMARK [1][-]{section.4.1}{Analysis-based tools for engineers}{chapter.4}% 25
\BOOKMARK [1][-]{section.4.2}{Geometry-based tools for architects}{chapter.4}% 26
\BOOKMARK [2][-]{subsection.4.2.1}{History}{section.4.2}% 27
\BOOKMARK [2][-]{subsection.4.2.2}{Present day}{section.4.2}% 28
\BOOKMARK [1][-]{section.4.3}{Existing conceptual design tools}{chapter.4}% 29
\BOOKMARK [2][-]{subsection.4.3.1}{Real-time analysis tools}{section.4.3}% 30
\BOOKMARK [2][-]{subsection.4.3.2}{Interactive optimization design tools}{section.4.3}% 31
\BOOKMARK [2][-]{subsection.4.3.3}{Topology optimization design tools}{section.4.3}% 32
\BOOKMARK [0][-]{chapter.5}{Integrating structural feedback in conceptual design tools}{part.1}% 33
\BOOKMARK [1][-]{section.5.1}{Human-computer interaction}{chapter.5}% 34
\BOOKMARK [1][-]{section.5.2}{Structural feedback}{chapter.5}% 35
\BOOKMARK [1][-]{section.5.3}{Structural optimization}{chapter.5}% 36
\BOOKMARK [1][-]{section.5.4}{Visual representations}{chapter.5}% 37
\BOOKMARK [2][-]{subsection.5.4.1}{Example - Loadpaths}{section.5.4}% 38
\BOOKMARK [0][-]{chapter.6}{Summary of appended papers}{part.1}% 39
\BOOKMARK [1][-]{section.6.1}{Paper A}{chapter.6}% 40
\BOOKMARK [1][-]{section.6.2}{Paper B}{chapter.6}% 41
\BOOKMARK [0][-]{chapter.7}{Results \046 discussion}{part.1}% 42
\BOOKMARK [1][-]{section.7.1}{Summary of intellectual contributions}{chapter.7}% 43
\BOOKMARK [1][-]{section.7.2}{Future work}{chapter.7}% 44
\BOOKMARK [0][-]{section*.23}{References}{part.1}% 45
\BOOKMARK [-1][-]{part.2}{II Appended publications}{}% 46
